Log started at 28.6.2020	4:0:56
Number of used processors (NPROC): 8.
Number of mesh partitions (NPART): 8.
Total Physical Memory = 7.85 Gb, Available Physical Memory = 2.89 Gb
Mesh generation started:	28.6.2020	4:0:56
-----------------------------------------------------------------------
Allocating meshes:
	CPU count: 8
	MESH 0:
		Sub-meshes count: 8
-----------------------------------------------------------------------
Current CPU = 0 sec
-----------------------------------------------------------------------
Geometries initialization:

Geometry database loading ...OK
-----------------------------------------------------------------------
Loading mesh settings (global/local)...
-----------------------------------------------------------------------
Number of geometries: 1
Geometry(0):
	Fluid..
	1 Body.
	1 Real body.
	Tolerance=1.37896e-05.
	19 Face(s).
		19 of b-spline type.
	4256 Triangle(s).
	0 Face(s) that have no ref faces
	12 Plane surface(s).
	5 Cylinder surface(s).
	2 Sphere surface(s).
	42 Edge(s).
		42 of b-spline type.
	Geometry reading: 0.008 s.
	19 Reference Face(s).
	4256 Reference Triangles.
	GeometryRef reading: 0.003 s.
Last Geometry:
	Solid.
	Making hash and connectivity for geometry 0...
		CBodyGeom:
		Hash size: {48, 17, 24}.
		Mesh size: {48, 17, 24}.
		Hashing triangles...Ok.
		Making triangles connectivity...Ok. (0.014 s).
		Neighbour triangles: 100.00 % (good connect) - 0.00 % (bad connect). Min: 3. Max: 3.
		Done.
		CBodyGeomRef:
		Hashing triangles...Ok.
		Making triangles connectivity...Ok. (0.010 s).
		Neighbour triangles: Min: 1. Max: 3.
		Done.
	0.022 s.
Geometries reading and preparing has taken 0.035 s.

Mapped triangles:
Hashing geometries triangles
	Triangles num=4256
	Triangles box={-0.0526627  ,0.0526627  ,0  ,0.05  ,-0.0338164  ,0.0398164  }
		3d-hash size is 116992 bytes
		Making triangles connectivity...Ok. (0.012 s).
		Neighbour triangles: 100.00 % (good connect) - 0.00 % (bad connect). Min: 3. Max: 3.
Hashing peculiar surfaces triangles
Mapped triangles processed in 0.022 s.
-----------------------------------------------------------------------

Current CPU = 0 sec
Flow Simulation 2018  x64 / 3996 / MESHER ver. efd_17_0.3919_21.06.2017 

Project: C:\Users\Kuruma-sama\Documents\Projects\SolidWorks\Auxiliary\3\3.xmlconfig
Computer name:	LAPTOP-9PR9AAI5
Operating system:	Windows 10 (or higher) (Version 10.0.18363)

SOLIDWORKS 2018 SP0.1

-----------------------------------------------------------------------
Mesh dimensions:
				I[0 ]=48
				I[1 ]=17
				I[2 ]=24
Solver refinement level	I[47]=0

Comp. domain size:
				a[0  ]=-0.17236
				a[1  ]=0.202663
				a[2  ]=-0.0232863
				a[3  ]=0.0814589
				a[4  ]=-0.101939
				a[5  ]=0.0911832
Wall thickness		a[231]=0
Gap size			a[232]=1

Fluid calculated			1
Solid calculated			0
-----------------------------------------------------------------------
MESH: distribute base bricks among sub-meshes...
	Base bricks count               19584
	Sub-meshes  count               8
	Base bricks count per sub-mesh  2448 (+0)
	Sub-mesh 0: 2448 base brick(s), range [0, 5]-[0, 16]-[0, 23]
	Sub-mesh 1: 2448 base brick(s), range [6, 11]-[0, 16]-[0, 23]
	Sub-mesh 2: 2448 base brick(s), range [12, 17]-[0, 16]-[0, 23]
	Sub-mesh 3: 2448 base brick(s), range [18, 23]-[0, 16]-[0, 23]
	Sub-mesh 4: 2448 base brick(s), range [24, 29]-[0, 16]-[0, 23]
	Sub-mesh 5: 2448 base brick(s), range [30, 35]-[0, 16]-[0, 23]
	Sub-mesh 6: 2448 base brick(s), range [36, 41]-[0, 16]-[0, 23]
	Sub-mesh 7: 2448 base brick(s), range [42, 47]-[0, 16]-[0, 23]
-----------------------------------------------------------------------
-----------------------------------------------------------------------
MESH: collecting ghosts in sub-meshes...
	Sub-mesh 0:
		Total  brick(s) 2856
		Native brick(s) 2448
		Inner  brick(s) 2040
		Outer  brick(s) 408
		Ghost  brick(s) 408
	Sub-mesh 1:
		Total  brick(s) 3264
		Native brick(s) 2448
		Inner  brick(s) 1632
		Outer  brick(s) 816
		Ghost  brick(s) 816
	Sub-mesh 2:
		Total  brick(s) 3264
		Native brick(s) 2448
		Inner  brick(s) 1632
		Outer  brick(s) 816
		Ghost  brick(s) 816
	Sub-mesh 3:
		Total  brick(s) 3264
		Native brick(s) 2448
		Inner  brick(s) 1632
		Outer  brick(s) 816
		Ghost  brick(s) 816
	Sub-mesh 4:
		Total  brick(s) 3264
		Native brick(s) 2448
		Inner  brick(s) 1632
		Outer  brick(s) 816
		Ghost  brick(s) 816
	Sub-mesh 5:
		Total  brick(s) 3264
		Native brick(s) 2448
		Inner  brick(s) 1632
		Outer  brick(s) 816
		Ghost  brick(s) 816
	Sub-mesh 6:
		Total  brick(s) 3264
		Native brick(s) 2448
		Inner  brick(s) 1632
		Outer  brick(s) 816
		Ghost  brick(s) 816
	Sub-mesh 7:
		Total  brick(s) 2856
		Native brick(s) 2448
		Inner  brick(s) 2040
		Outer  brick(s) 408
		Ghost  brick(s) 408
	Total brick(s) 19584
-----------------------------------------------------------------------
Setting regions...OK (0.004 s)
Base mesh info------------------
	2D flag  =0
	Period   =[0, 0, 0]
	Nx=48
		x[0]=-0.17236
		x[1]=-0.165513
		x[2]=-0.158951
		x[3]=-0.152661
		x[4]=-0.145721
		x[5]=-0.138782
		x[6]=-0.131843
		x[7]=-0.124904
		x[8]=-0.117964
		x[9]=-0.111025
		x[10]=-0.104086
		x[11]=-0.0971468
		x[12]=-0.0902076
		x[13]=-0.0832684
		x[14]=-0.0763292
		x[15]=-0.06939
		x[16]=-0.0624507
		x[17]=-0.0555115
		x[18]=-0.0485723
		x[19]=-0.0416331
		x[20]=-0.0346939
		x[21]=-0.0277547
		x[22]=-0.0208155
		x[23]=-0.0138762
		x[24]=-0.00693703
		x[25]=2.17933e-06
		x[26]=0.00696471
		x[27]=0.0139272
		x[28]=0.0208898
		x[29]=0.0278523
		x[30]=0.0348148
		x[31]=0.0417773
		x[32]=0.0487399
		x[33]=0.0557024
		x[34]=0.0626649
		x[35]=0.0697432
		x[36]=0.0771847
		x[37]=0.0850082
		x[38]=0.0932332
		x[39]=0.10188
		x[40]=0.110971
		x[41]=0.120528
		x[42]=0.130576
		x[43]=0.14114
		x[44]=0.152245
		x[45]=0.163921
		x[46]=0.176196
		x[47]=0.1891
		x[48]=0.202663
	Ny=17
		y[0]=-0.0232863
		y[1]=-0.0169591
		y[2]=-0.0108933
		y[3]=-0.00507649
		y[4]=0.000501516
		y[5]=0.00662666
		y[6]=0.0127517
		y[7]=0.0188767
		y[8]=0.0250017
		y[9]=0.0311267
		y[10]=0.0372517
		y[11]=0.0433767
		y[12]=0.0495017
		y[13]=0.0553332
		y[14]=0.0614325
		y[15]=0.0678115
		y[16]=0.0744831
		y[17]=0.0814589
	Nz=24
		z[0]=-0.101939
		z[1]=-0.0916258
		z[2]=-0.0818545
		z[3]=-0.0725946
		z[4]=-0.0638195
		z[5]=-0.0555038
		z[6]=-0.0476233
		z[7]=-0.0401554
		z[8]=-0.0330785
		z[9]=-0.0258624
		z[10]=-0.0186464
		z[11]=-0.0114304
		z[12]=-0.00421436
		z[13]=0.00300166
		z[14]=0.0102177
		z[15]=0.0174337
		z[16]=0.0246497
		z[17]=0.0318657
		z[18]=0.0390817
		z[19]=0.0465637
		z[20]=0.0544898
		z[21]=0.0628862
		z[22]=0.071781
		z[23]=0.0812036
		z[24]=0.0911832
End of base mesh info---------
Input_mesh_settings--------------------------------
Settings 0----------------
	Scope: GLOBAL
	Type:	------MESHER_SETTINGS----------
	RefAllCells           =0
	RefFluidCells         =0
	RefPartCells          =0
	RefSolidCells         =0
	l_SSFR(Capture crit)  =1
	l_curv(Curvature crit)=0
	l_tol(Tolerance crit) =0
	UseChannelRef         =1
	  NCR_method          =0
	  l_NCR               =1
	  N_gap               =7
	  Use d_NCR_min       =0
	  Use d_NCR_max       =0
	IgnoreThinChannelsHeight         =0
	--END_OF_MESHER_SETTINGS-------
End of input mesh settings-------------------------

-----------------------------------------------------------------------
Building geometries:
Building geometry Fluid.0.(0)...

-----------------------------------------------------------------------
Refining by triangulation...
Refinement input: 19584 bricks
Setting regions...OK (0.004 s)
Refinement result: 19640 bricks (0.054 s)
Refinement input: 19640 bricks
Refinement result: 19640 bricks (0.004 s)
Collecting and processing rays...OK (0.028 s)
Capturing...OK (0.006 s)
Refining by triangulation takes 0.094 s
-----------------------------------------------------------------------

-----------------------------------------------------------------------
Refining peculiar surfaces...
0 surfaces refined
Refining peculiar surfaces takes 0 s
-----------------------------------------------------------------------
Collecting and processing rays...OK (0.002 s)
Capturing...OK (0.001 s)
Collecting and processing rays...OK (0.001 s)
Capturing...OK (0.001 s)
Collecting and processing rays...OK (0.001 s)
Capturing...OK (0.000 s)

-----------------------------------------------------------------------
Base mesh 1 Refining...
Refinement input: 19640 bricks
Refinement result: 19640 bricks (0.003 s)
Collecting and processing rays...OK (0.001 s)
Capturing...OK (0.001 s)
-----------------------------------------------------------------------
Refining channels...
FYI: CNarrowChannelRefiner::RefineChannels_PRLL: m_submesh_count=8
Refinement input: 19640 bricks
Setting regions...OK (0.003 s)
Refinement result: 19668 bricks (0.010 s)
Collecting and processing rays...OK (0.002 s)
Capturing...OK (0.001 s)
FYI: m_iteration_count = 0
FYI: level1 statistics:
     level1_cnt_plus[1]=32;		level1_cnt_minus[1]=0
     level1_cnt_plus[2]=0;		level1_cnt_minus[2]=0
     level1_cnt_plus[3]=0;		level1_cnt_minus[3]=0
     level1_cnt_plus[4]=0;		level1_cnt_minus[4]=0
     level1_cnt_plus[5]=0;		level1_cnt_minus[5]=0
     level1_cnt_plus[6]=0;		level1_cnt_minus[6]=0
     level1_cnt_plus[7]=0;		level1_cnt_minus[7]=0
     level1_cnt_plus[8]=0;		level1_cnt_minus[8]=0
     level1_cnt_plus[9]=0;		level1_cnt_minus[9]=0
FYI: m_iteration_count = 1
FYI: level1 statistics:
     level1_cnt_plus[1]=32;		level1_cnt_minus[1]=0
     level1_cnt_plus[2]=0;		level1_cnt_minus[2]=0
     level1_cnt_plus[3]=0;		level1_cnt_minus[3]=0
     level1_cnt_plus[4]=0;		level1_cnt_minus[4]=0
     level1_cnt_plus[5]=0;		level1_cnt_minus[5]=0
     level1_cnt_plus[6]=0;		level1_cnt_minus[6]=0
     level1_cnt_plus[7]=0;		level1_cnt_minus[7]=0
     level1_cnt_plus[8]=0;		level1_cnt_minus[8]=0
     level1_cnt_plus[9]=0;		level1_cnt_minus[9]=0
FYI: level1 statistics:
     level1_cnt_plus[1]=32;		level1_cnt_minus[1]=0
     level1_cnt_plus[2]=0;		level1_cnt_minus[2]=0
     level1_cnt_plus[3]=0;		level1_cnt_minus[3]=0
     level1_cnt_plus[4]=0;		level1_cnt_minus[4]=0
     level1_cnt_plus[5]=0;		level1_cnt_minus[5]=0
     level1_cnt_plus[6]=0;		level1_cnt_minus[6]=0
     level1_cnt_plus[7]=0;		level1_cnt_minus[7]=0
     level1_cnt_plus[8]=0;		level1_cnt_minus[8]=0
     level1_cnt_plus[9]=0;		level1_cnt_minus[9]=0
	CNarrowChannelRefiner::ChannelsResolution            function_total                0      = 0.0617284 sec

-----------------------------------------------------------------------
U-shapes refinement...
Refinement input: 19668 bricks
Refinement result: 19668 bricks (0.009 s)
Collecting and processing rays...OK (0.002 s)
Capturing...OK (0.001 s)
-----------------------------------------------------------------------

-----------------------------------------------------------------------
Equi Distant Refiner:
Equi Distant Refiner takes 0.00 s
-----------------------------------------------------------------------
Building geometry takes 0.187 s
Geometry Fluid.0.
Total		19668
Partial	676
Fluid		18317
Solid		675
Bad		0

/-Ray Intersection---------------/ Time	0.011 s
Calls			2635
CorrectRay Calls	0


Building geometries takes 0.188 s
-----------------------------------------------------------------------

-----------------------------------------------------------------------
PostBuilding geometries:
PostBuilding geometries takes 0.001 s
-----------------------------------------------------------------------
Defect ray count	0
FYI: CNarrowChannelRefiner::RedistributeLevel1_step_1: is finished
FYI: level1 statistics:
     level1_cnt_plus[1]=32;		level1_cnt_minus[1]=0
     level1_cnt_plus[2]=0;		level1_cnt_minus[2]=0
     level1_cnt_plus[3]=0;		level1_cnt_minus[3]=0
     level1_cnt_plus[4]=0;		level1_cnt_minus[4]=0
     level1_cnt_plus[5]=0;		level1_cnt_minus[5]=0
     level1_cnt_plus[6]=0;		level1_cnt_minus[6]=0
     level1_cnt_plus[7]=0;		level1_cnt_minus[7]=0
     level1_cnt_plus[8]=0;		level1_cnt_minus[8]=0
     level1_cnt_plus[9]=0;		level1_cnt_minus[9]=0
FYI: CNarrowChannelRefiner::RedistributeLevel1_step_2: is started
FYI: CNarrowChannelRefiner::RedistributeLevel1_step_2: is finished
FYI: level1 statistics:
     level1_cnt_plus[1]=32;		level1_cnt_minus[1]=0
     level1_cnt_plus[2]=0;		level1_cnt_minus[2]=0
     level1_cnt_plus[3]=0;		level1_cnt_minus[3]=0
     level1_cnt_plus[4]=0;		level1_cnt_minus[4]=0
     level1_cnt_plus[5]=0;		level1_cnt_minus[5]=0
     level1_cnt_plus[6]=0;		level1_cnt_minus[6]=0
     level1_cnt_plus[7]=0;		level1_cnt_minus[7]=0
     level1_cnt_plus[8]=0;		level1_cnt_minus[8]=0
     level1_cnt_plus[9]=0;		level1_cnt_minus[9]=0
FYI: CNarrowChannelRefiner::RedistributeLevel1_step_3: is started
FYI: CNarrowChannelRefiner::RedistributeLevel1_step_3: is finished
RedistributeLevel1 takes:
	CNarrowChannelRefiner::RedistributeLevel1            function_total                0      = 0.0480203 sec
FYI: level1 statistics:
     level1_cnt_plus[1]=32;		level1_cnt_minus[1]=64
     level1_cnt_plus[2]=0;		level1_cnt_minus[2]=0
     level1_cnt_plus[3]=0;		level1_cnt_minus[3]=0
     level1_cnt_plus[4]=0;		level1_cnt_minus[4]=0
     level1_cnt_plus[5]=0;		level1_cnt_minus[5]=0
     level1_cnt_plus[6]=0;		level1_cnt_minus[6]=0
     level1_cnt_plus[7]=0;		level1_cnt_minus[7]=0
     level1_cnt_plus[8]=0;		level1_cnt_minus[8]=0
     level1_cnt_plus[9]=0;		level1_cnt_minus[9]=0
-----------------------------------------------------------------------
BCF-Builder Iteration: 0
Memory Working Set Current = 31.05 Mb, Memory Working Set Peak = 32.26 Mb
Process Threads Number: 18
Loading geometries triangulation & x-stacks...OK
x-stacks size = 0.05 Mb
	Sub-mesh 0:
		Total  brick(s) 2856
		Native brick(s) 2448
		Inner  brick(s) 2040
		Outer  brick(s) 408
		Ghost  brick(s) 408
	Sub-mesh 1:
		Total  brick(s) 3264
		Native brick(s) 2448
		Inner  brick(s) 1632
		Outer  brick(s) 816
		Ghost  brick(s) 816
	Sub-mesh 2:
		Total  brick(s) 3264
		Native brick(s) 2448
		Inner  brick(s) 1632
		Outer  brick(s) 816
		Ghost  brick(s) 816
	Sub-mesh 3:
		Total  brick(s) 3348
		Native brick(s) 2532
		Inner  brick(s) 1716
		Outer  brick(s) 816
		Ghost  brick(s) 816
	Sub-mesh 4:
		Total  brick(s) 3264
		Native brick(s) 2448
		Inner  brick(s) 1632
		Outer  brick(s) 816
		Ghost  brick(s) 816
	Sub-mesh 5:
		Total  brick(s) 3264
		Native brick(s) 2448
		Inner  brick(s) 1632
		Outer  brick(s) 816
		Ghost  brick(s) 816
	Sub-mesh 6:
		Total  brick(s) 3264
		Native brick(s) 2448
		Inner  brick(s) 1632
		Outer  brick(s) 816
		Ghost  brick(s) 816
	Sub-mesh 7:
		Total  brick(s) 2856
		Native brick(s) 2448
		Inner  brick(s) 2040
		Outer  brick(s) 408
		Ghost  brick(s) 408
	Total brick(s) 19668

-----------------------------------------------------------------------
MSH (Real Geometry) format constructor:
Getting submesh brick sets...OK (0.003 s)
Level 1
	Inner time 0.026 s
	Outer Time 0.001 s
	Level Time 0.028 s
Level 0
	Inner time 0.074 s
	Outer Time 0.095 s
	Level Time 0.170 s

Brick parser time info:
	0.368 s - time_Run
		0.010 s - time_ConstructPoints
			0.005 s - time_ConstructPointsAddFind2
		0.008 s - time_ConstructPointsAndConnectsFromNb
		0.007 s - time_AddRibConnects
		0.029 s - time_ConstructBrickFacets
			0.009 s - time_CalculateQpoints
				0.001 s - time_AddFacetPoint_GetFacesQpoint
					0.000 s - time_GetFacesQpoint_UShaped
						0.000 s - time_GetFacesQpoint2
					0.000 s - time_GetFacesQpoint_AddEdgesToList
					0.001 s - time_Edge_GetClosestPointOn
					0.000 s - time_Edge_NewtonMethod
					0.000 s - time_GetFacesQpoint_ManyFinds
				0.005 s - time_AddFacetPoint_AddQPoint
					0.006 s - time_PointReverseEvaluate
				0.000 s - time_AddFacetPoint_AddFind2
		0.000 s - time_RemoveOddConnects
		0.003 s - time_TestConnectivity
		0.000 s - time_ValidateXeps
		0.011 s - time_ConstructFaceAs
		0.004 s - time_ConstructCvs
		0.001 s - time_ConstructFaceWs
		0.008 s - time_RealGeomAddQPoints
		0.006 s - time_RealGeomAddNewFaces
		0.000 s - time_RealGeomInitOppositeGeomFaceInd
		0.006 s - time_RealGeomApproxCurveFaces
		0.000 s - time_Enum1
		0.000 s - time_Enum2
		0.001 s - time_RealGeomCheckInvalidConnects
		0.200 s - time_RealGeomParameters
			0.115 s - time_CalculateParametersOfCv
			0.083 s - time_CalculateParametersOfFace
				0.017 s - time_CalculateRR
				0.064 s - time_CalculateRefFaceData
				0.001 s - time_CalculateLambdaProjection
			0.002 s - time_SetFacesOrientation
Result:
	Bricks number:                        19668

	Memory usage:                         0.502 MB
	Memory usage (per brick):             0.026 KB
	Construction time:                    0.263 s

	Topology features:
	------------------
	- High quality bricks                 100.00 % (19668)
	- Medium quality bricks                 0.00 % (0)
	- Bad quality bricks                    0.00 % (0)
	- Ribs corrected bricks                 0.00 % (0)
	- Points with geom-info (bricks)        0.00 % (0)
	- Points with closest-info (bricks)     0.00 % (0)
	- Triangulated by center (bricks)       0.00 % (0)
	- Facet w-faces mergings (bricks)       0.00 % (0)
	- To refine (bricks)                    0.00 % (0)

Memory Working Set Current = 33.24 Mb, Memory Working Set Peak = 48.38 Mb
Process Threads Number: 18
-----------------------------------------------------------------------
-----------------------------------------------------------------------
MSH --> BCF format (Iteration 0)...
BCF collector...
	(1) Bcf collect time 0.044 s (3264 avs, 0 fws)
	(7) Bcf collect time 0.049 s (2856 avs, 0 fws)
	(6) Bcf collect time 0.044 s (3264 avs, 0 fws)
	(0) Bcf collect time 0.049 s (2856 avs, 0 fws)
	(5) Bcf collect time 0.051 s (3380 avs, 148 fws)
	(4) Bcf collect time 0.056 s (3588 avs, 422 fws)
	(2) Bcf collect time 0.055 s (3406 avs, 280 fws)
	(3) Bcf collect time 0.063 s (3764 avs, 656 fws)
	(0) Remove defect avs time 0.027 s
	(3) Remove defect avs time 0.027 s
	(4) Remove defect avs time 0.027 s
	(6) Remove defect avs time 0.027 s
	(7) Remove defect avs time 0.027 s
	(2) Remove defect avs time 0.027 s
	(5) Remove defect avs time 0.028 s
	(1) Remove defect avs time 0.023 s
Defect subdomain detector...
		1 subdomain(s) of gi=0 (real bodies = 1).
			Subdomain 0: 19009 av
		Get real subdoms time 0.000 s
		Mark defect subdomains by closed av...
		Mark by closed av time 0.001 s
		Mark defect subdomains by real bodies...
		0 defect subdomain(s) of gi=0.
		1 subdomain(s) of gi=1 (real bodies = 0).
			Subdomain 0: 1371 av
		Get real subdoms time 0.000 s
		0 defect subdomain(s) of gi=1.
	(1) Remove defect subdoms time 0.009 s
	(5) Remove defect subdoms time 0.009 s
	(6) Remove defect subdoms time 0.009 s
	(3) Remove defect subdoms time 0.009 s
	(7) Remove defect subdoms time 0.009 s
	(4) Remove defect subdoms time 0.009 s
	(0) Remove defect subdoms time 0.008 s
	(2) Remove defect subdoms time 0.009 s
NB-faces collector & conservator...
Sub-mesh 0.
	Conservated total=0 (bb-faces=0)
Sub-mesh 1.
	Conservated total=0 (bb-faces=0)
Sub-mesh 2.
	Conservated total=0 (bb-faces=0)
Sub-mesh 3.
	Conservated total=0 (bb-faces=0)
Sub-mesh 4.
	Conservated total=0 (bb-faces=0)
Sub-mesh 5.
	Conservated total=0 (bb-faces=0)
Sub-mesh 6.
	Conservated total=0 (bb-faces=0)
Sub-mesh 7.
	Conservated total=0 (bb-faces=0)
	(1) Bcf calc time 0.003 s
	(7) Bcf calc time 0.003 s
	(4) Bcf calc time 0.004 s
	(5) Bcf calc time 0.004 s
	(3) Bcf calc time 0.005 s
	(0) Bcf calc time 0.005 s
	(6) Bcf calc time 0.003 s
	(2) Bcf calc time 0.006 s
FACE_W optimizer ...
Sub-mesh 0.
	Before optimization total=1390 (fs=0, ff=0, ss=0)
	After  optimization total=1390 (fs=0, ff=0, ss=0)
Sub-mesh 1.
	Before optimization total=1472 (fs=0, ff=0, ss=0)
	After  optimization total=1472 (fs=0, ff=0, ss=0)
Sub-mesh 2.
	Before optimization total=1814 (fs=280, ff=0, ss=0)
	After  optimization total=1814 (fs=280, ff=0, ss=0)
Sub-mesh 3.
	Before optimization total=2166 (fs=656, ff=0, ss=0)
	After  optimization total=2166 (fs=656, ff=0, ss=0)
Sub-mesh 4.
	Before optimization total=1954 (fs=422, ff=0, ss=0)
	After  optimization total=1954 (fs=422, ff=0, ss=0)
Sub-mesh 5.
	Before optimization total=1646 (fs=148, ff=0, ss=0)
	After  optimization total=1646 (fs=148, ff=0, ss=0)
Sub-mesh 6.
	Before optimization total=1472 (fs=0, ff=0, ss=0)
	After  optimization total=1472 (fs=0, ff=0, ss=0)
Sub-mesh 7.
	Before optimization total=1390 (fs=0, ff=0, ss=0)
	After  optimization total=1390 (fs=0, ff=0, ss=0)
-----------------------------------------------------------------------
-----------------------------------------------------------------------
Merging BCF...
Merging bricks trees...OK (0.03 s)
Merging av data...OK (0.01 s)
Merging a-faces data (fluid)...
	New a-face count   54411
	Bound a-face count 2707 (4.98 %)
Merging a-faces data takes 0.01 s
Merging a-faces data (solid)...
	New a-face count   3705
	Bound a-face count 247 (6.67 %)
Merging a-faces data takes 0.00 s
Merging w-faces data...
	New w-face count   5790
	Bound w-face count 0 (0.00 %)
	Need fw-nb         2752 (47.53 %)
Merging w-faces data takes 0.01 s
Merging BCF takes (0.09 s)
-----------------------------------------------------------------------

-----------------------------------------------------------------------
Geometrical diagonal nb-faces collector (cpu_num=8)...
	Time=0.018s.
-----------------------------------------------------------------------
Fluid Subdom Constructor: 1 subdom(s).
	Remove nb-fw from diff subdomains (fs)...
		Diff subdomains cases         0
-----------------------------------------------------------------------
Mega-cv constructor for fluid...
	 0 av's is treated as thin
Relative size generator (threshold = 0.05)...OK
	 9 mega-cv's generated
	 0 mega-cv's removed
Convert clusters:
	 9 mega-cv's total
Mega-cv count: 9
-----------------------------------------------------------------------
-----------------------------------------------------------------------
Getting sectors:
Number of sectors: 0
-----------------------------------------------------------------------
Mixing plane rotation regions: NO.
Sliding mesh rotation regions: NO.
Fluid/fluid faces: NO.

-----------------------------------------------------------------------
BCF CHECKSUM DATA (Mesh 0):

FACE_A Area Sum:   G.Fluid        2.8928585567165861
FACE_A Area Sum:   G.Solid        0.1218378738257447
FACE_W Area Sum:                  0.2883759322710292
FACE_W Nb   Sum:                  46852
FACE_W min curvatures sum:        4391.88957977
FACE_W max curvatures sum:        27533.87367249
AV Max Disbalance: G.Fluid        2.39983e-12 (cid=14418, avid=13759, pid=692)
AV Max Disbalance: G.Solid        5.57086e-12 (cid=6216, avid=19071, pid=62)
-----------------------------------------------------------------------


-----------------------------------------------------------------------
MESHER TOPOLOGY DATA (Mesh 0):

BRICKS: Total                 19668
BRICKS: 1-CV                  18972
BRICKS: 2-CV                  680
BRICKS: 3-CV                  16
BRICKS: Bad                   0

AV:     G.Total               20380
AV:     G.Fluid               19009
AV:     G.Solid               1371

AV:     G.Fluid Thin Profile    0.00 % (0)
AV:     G.Solid Thin Profile    1.17 % (16)

AV:     G.Fluid Thin For Mega   0.00 % (0)
AV:     G.Solid Thin For Mega   1.17 % (16)

AV:     G.Fluid Non-Convex      1.02 % (194)
AV:     G.Solid Non-Convex      2.33 % (32)

FACE_A: G.Fluid          (af) 54411 (partially opened 1430)
FACE_A: G.Solid          (as) 3705 (partially opened 1396)

FACE_W: G.Total                 5790        Brick/Bound
FACE_W: G.Fluid/Solid    (fs_g) 1038        0           
FACE_W: G.Fluid/Fluid    (ff_g) 0           0           
FACE_W: G.Solid/Solid    (ss_g) 0           0           
FACE_W: G.Fluid/External (fe_g) 4752
FACE_W: G.Solid/External (se_g) 0

AV/CV max fa count (on brick side):4
AV/CV max fw count:                4
AV/CV max fw poly count:           9

MEMORY: Total                   6.628 MB
MEMORY: Per Brick               0.345 KB
-----------------------------------------------------------------------

----------------------------------------------------------
BCF --> BCF.GEOMSUBDOM (bridge arrays) (cpu_num=8):
MESH (0):
	Fluid Subdom Constructor: 1 subdom(s).
	Solid Subdom Constructor: 1 subdom(s).
	Net Asm Subdom Constructor: 0 subdom(s).
	GEOMSUBDOM (0): gi=0 fluid av=19009 cv=19000 fa=54411 fw=5790 V=7.325139e-03
	GEOMSUBDOM (1): gi=1 solid av=1371 cv=1371 fa=3705 fw=1038 V=2.610667e-04
	Setting nb of w-faces...OK.

MESH (0) checking:
	GEOMSUBDOM (0):fa_s=2.8928585567165852 fw_s=0.2883759322710292 fw_nb=46852
	GEOMSUBDOM (1):fa_s=0.1218378738257447 fw_s=0.0245043306002611 fw_nb=8860
MESH (0) checking: OK.
----------------------------------------------------------
-----------------------------------------------------------------------
Connectivities information:
	Number of conns: 0
-----------------------------------------------------------------------
-----------------------------------------------------------------------
Calculating curvature and tolerance criteria...
Curvature: min=0 max=2.42047
Tolerance: min=0 max=0.00392286
Calculating curvature and tolerance criteria takes 0.049 s
-----------------------------------------------------------------------
Current CPU = 1 sec

Nx=48
Ny=17
Nz=24
Max_RL=1
-----------------CModelBodies2MeshMapper::CollectData started -------------------------------
-----------------CModelBodies2MeshMapper Report -------------------------------
FluidDomains 1 SolidDomains 0 VoidDomains 1 
Domains RefIndexes
Domain 0, Index count 19
Domain 1, Index count 19
----------------- -------------------------------
	ModelBodies
Total resolved Bodies 0 BodySets 0
Unresolved Bodies: 1

--------------------------------------------------------------------------
	Positive geometry Bodies
Total resolved Bodies 2 BodySets 1
BodySet 0
	Bodies list:
			#0	Name: ;	ID: 6c1d3b38-b8c2-491e-8c98-b07b49d15beb
			#1	Name: ;	ID: 1f487357-572b-4e8c-9679-3117489ee217
	Domains list:		 0 
Warning: Disjoined bodies produce set:
		Name: ;	ID: 6c1d3b38-b8c2-491e-8c98-b07b49d15beb
		Name: ;	ID: 1f487357-572b-4e8c-9679-3117489ee217
	Associated Domains list:		 0 

--------------------------------------------------------------------------
	Fluid regions
Total resolved Bodies 2 BodySets 1
BodySet 0	Material: Air; 
	Bodies list:
			#0	Name: ;	ID: 6c1d3b38-b8c2-491e-8c98-b07b49d15beb
			#1	Name: ;	ID: 1f487357-572b-4e8c-9679-3117489ee217
	Domains list:		 0 

--------------------------------------------------------------------------
-----------------CModelBodies2MeshMapper::CollectData finished successfully-------------------
12. Saving initial mesh in: C:\Users\Kuruma-sama\Documents\Projects\SolidWorks\Auxiliary\3\3.fld .
Storing results...
Estimated CPT size=2.483 MB.
OK
Memory Working Set Current = 46.56 Mb, Memory Working Set Peak = 49.82 Mb
Process Threads Number: 18
Cleaning memory...
Free Geometry DB takes 0.001 s
Copying... OK

------------------------------------------------------------------------------------------------------------
CPU report:
Function                                             CPU           descriptor                    nproc     
------------------------------------------------------------------------------------------------------------
GetGeometryFromSW                                    0.065 sec   function_total               
GetGeometryFromSW                                    0.011 sec   InitGeometryTriangles        
CMesh::PrepareMappedTriangles                        0.022 sec   function_total               
SwapGeometries                                       0.000 sec   function_total               
CMesh::PreBuild                                      0.015 sec   function_total               
SetBrickRegion                                       0.011 sec   function_total               
CMesh::Build                                         0.190 sec   function_total               
CMesh::BuildGeometry                                 0.187 sec   function_total               
ActivateAllCellsParameters                           0.003 sec   function_total               
RefineByTriangles                                    0.094 sec   function_total               
CaptureRefined                                       0.048 sec   function_total               
GetMultiRaysIntersections                            0.004 sec   full                         
CRayCollector::CorrectRays2                          0.020 sec   full                         
CRayCollector::CorrectRays2                          0.008 sec   stage_1_collect_undefined_vertices1
RefinePeculiarSurfaces                               0.003 sec   function_total               
CNarrowChannelRefiner::ChannelsResolution            0.062 sec   function_total               
CNarrowChannelRefiner::RefineChannels_PRLL           0.058 sec   function_total               
CNarrowChannelRefiner::GetMainNormals                0.018 sec   function_total               
CNarrowChannelRefiner::GetMainNormals                0.049 sec   function_total               
CNarrowChannelRefiner::GetMainNormals                0.007 sec   function_total               
CNarrowChannelRefiner::GetMainNormals                0.001 sec   function_total               
CNarrowChannelRefiner::facade_bricks_of_brick_dirv   0.001 sec   function_total               
CNarrowChannelRefiner::facade_bricks_of_brick_dirv   0.001 sec   function_total               
CNarrowChannelRefiner::facade_bricks_of_brick_dirv   0.002 sec   function_total               
CNarrowChannelRefiner::facade_bricks_of_brick_dirv   0.004 sec   function_total               
CNarrowChannelRefiner::facade_bricks_of_brick_dirv   0.002 sec   function_total               
CNarrowChannelRefiner::facade_bricks_of_brick_dirv   0.002 sec   function_total               
CNarrowChannelRefiner::facade_bricks_of_brick_dirv   0.001 sec   function_total               
CNarrowChannelRefiner::next_brick_on_ray             0.000 sec   function_total               
CNarrowChannelRefiner::next_brick_on_ray             0.000 sec   function_total               
CNarrowChannelRefiner::next_brick_on_ray             0.002 sec   function_total               
CNarrowChannelRefiner::next_brick_on_ray             0.003 sec   function_total               
CNarrowChannelRefiner::next_brick_on_ray             0.001 sec   function_total               
CNarrowChannelRefiner::next_brick_on_ray             0.001 sec   function_total               
CNarrowChannelRefiner::next_brick_on_ray             0.000 sec   function_total               
CNarrowChannelRefiner::RefineChannels_PRLL           0.013 sec   NCR_execute_refinement       
CMesh::BuildGeometry                                 0.000 sec   equidistant_refiner          
CNarrowChannelRefiner::RedistributeLevel1            0.051 sec   function_total               
CTPBuilder::build_bcf                                0.609 sec   function_total               
CTPBuilder::bcf_builder                              0.523 sec   function_total               
LoadTrianglesAndXSL                                  0.000 sec   function_total               
CTPBuilder::collect_msh_format                       0.277 sec   function_total               
CTPBuilder::Run                                      0.110 sec   bcf_collect                  
CTPBuilder::Run                                      0.119 sec   bcf_merge                    
CTPBuilder::build_bcf                                0.028 sec   collect_mega_cv              
CTPBuilder::build_bcf                                0.044 sec   convert_to_mds_function      
CTPBuilder::build_bcf                                0.000 sec   sector_periodicity           
CMesh::CalculateCurvatureAndToleranceCriteria        0.049 sec   function_total               
main_capture                                         0.003 sec   bodies_2_mesh_mapper         
Store_Res_2                                          0.077 sec   function_total               
Freemem_CPT                                          0.022 sec   function_total               
------------------------------------------------------------------------------------------------------------

Mesh generation normally finished at	28.6.2020	4:0:57
Mesher CPU = 1 sec
Mesher is finished at	28.6.2020	4:0:57
Log ended at 28.6.2020	4:0:57
